Determining if the pthread_create exist failed with the following output:
Change Dir: /home/u30239/cl_tutorial/cl_cosh/user_ie_extensions/cpu/build/CMakeFiles/CMakeTmp

Run Build Command:"/usr/bin/make" "cmTC_923f6/fast"
/usr/bin/make -f CMakeFiles/cmTC_923f6.dir/build.make CMakeFiles/cmTC_923f6.dir/build
make[1]: Entering directory '/home/u30239/cl_tutorial/cl_cosh/user_ie_extensions/cpu/build/CMakeFiles/CMakeTmp'
Building C object CMakeFiles/cmTC_923f6.dir/CheckSymbolExists.c.o
/usr/bin/cc    -std=c++11   -o CMakeFiles/cmTC_923f6.dir/CheckSymbolExists.c.o   -c /home/u30239/cl_tutorial/cl_cosh/user_ie_extensions/cpu/build/CMakeFiles/CMakeTmp/CheckSymbolExists.c
cc1: warning: command line option ‘-std=c++11’ is valid for C++/ObjC++ but not for C
Linking C executable cmTC_923f6
/usr/bin/cmake -E cmake_link_script CMakeFiles/cmTC_923f6.dir/link.txt --verbose=1
/usr/bin/cc   -std=c++11    CMakeFiles/cmTC_923f6.dir/CheckSymbolExists.c.o  -o cmTC_923f6 -rdynamic 
CMakeFiles/cmTC_923f6.dir/CheckSymbolExists.c.o: In function `main':
CheckSymbolExists.c:(.text+0x16): undefined reference to `pthread_create'
collect2: error: ld returned 1 exit status
CMakeFiles/cmTC_923f6.dir/build.make:97: recipe for target 'cmTC_923f6' failed
make[1]: *** [cmTC_923f6] Error 1
make[1]: Leaving directory '/home/u30239/cl_tutorial/cl_cosh/user_ie_extensions/cpu/build/CMakeFiles/CMakeTmp'
Makefile:126: recipe for target 'cmTC_923f6/fast' failed
make: *** [cmTC_923f6/fast] Error 2

File /home/u30239/cl_tutorial/cl_cosh/user_ie_extensions/cpu/build/CMakeFiles/CMakeTmp/CheckSymbolExists.c:
/* */
#include <pthread.h>

int main(int argc, char** argv)
{
  (void)argv;
#ifndef pthread_create
  return ((int*)(&pthread_create))[argc];
#else
  (void)argc;
  return 0;
#endif
}

Determining if the function pthread_create exists in the pthreads failed with the following output:
Change Dir: /home/u30239/cl_tutorial/cl_cosh/user_ie_extensions/cpu/build/CMakeFiles/CMakeTmp

Run Build Command:"/usr/bin/make" "cmTC_b04f0/fast"
/usr/bin/make -f CMakeFiles/cmTC_b04f0.dir/build.make CMakeFiles/cmTC_b04f0.dir/build
make[1]: Entering directory '/home/u30239/cl_tutorial/cl_cosh/user_ie_extensions/cpu/build/CMakeFiles/CMakeTmp'
Building C object CMakeFiles/cmTC_b04f0.dir/CheckFunctionExists.c.o
/usr/bin/cc    -DCHECK_FUNCTION_EXISTS=pthread_create -std=c++11   -o CMakeFiles/cmTC_b04f0.dir/CheckFunctionExists.c.o   -c /usr/share/cmake-3.5/Modules/CheckFunctionExists.c
cc1: warning: command line option ‘-std=c++11’ is valid for C++/ObjC++ but not for C
Linking C executable cmTC_b04f0
/usr/bin/cmake -E cmake_link_script CMakeFiles/cmTC_b04f0.dir/link.txt --verbose=1
/usr/bin/cc   -DCHECK_FUNCTION_EXISTS=pthread_create -std=c++11    CMakeFiles/cmTC_b04f0.dir/CheckFunctionExists.c.o  -o cmTC_b04f0 -rdynamic -lpthreads 
/usr/bin/ld: cannot find -lpthreads
collect2: error: ld returned 1 exit status
CMakeFiles/cmTC_b04f0.dir/build.make:97: recipe for target 'cmTC_b04f0' failed
make[1]: *** [cmTC_b04f0] Error 1
make[1]: Leaving directory '/home/u30239/cl_tutorial/cl_cosh/user_ie_extensions/cpu/build/CMakeFiles/CMakeTmp'
Makefile:126: recipe for target 'cmTC_b04f0/fast' failed
make: *** [cmTC_b04f0/fast] Error 2


